<?xml version="1.0" encoding="UTF-8"?>
<testsuite name="com.project.api_gateway.ApiGatewayApplicationTests" tests="1" skipped="0" failures="0" errors="0" timestamp="2024-08-07T07:22:12" hostname="gimsubong-ui-MacBookAir.local" time="0.369">
  <properties/>
  <testcase name="contextLoads()" classname="com.project.api_gateway.ApiGatewayApplicationTests" time="0.369"/>
  <system-out><![CDATA[16:22:10.940 [Test worker] INFO org.springframework.test.context.support.AnnotationConfigContextLoaderUtils -- Could not detect default configuration classes for test class [com.project.api_gateway.ApiGatewayApplicationTests]: ApiGatewayApplicationTests does not declare any static, non-private, non-final, nested classes annotated with @Configuration.
16:22:10.985 [Test worker] INFO org.springframework.boot.test.context.SpringBootTestContextBootstrapper -- Found @SpringBootConfiguration com.project.api_gateway.ApiGatewayApplication for test class com.project.api_gateway.ApiGatewayApplicationTests

  .   ____          _            __ _ _
 /\\ / ___'_ __ _ _(_)_ __  __ _ \ \ \ \
( ( )\___ | '_ | '_| | '_ \/ _` | \ \ \ \
 \\/  ___)| |_)| | | | | || (_| |  ) ) ) )
  '  |____| .__|_| |_|_| |_\__, | / / / /
 =========|_|==============|___/=/_/_/_/

 :: Spring Boot ::                (v3.3.2)

2024-08-07T16:22:11.176+09:00  INFO 8201 --- [gateway-service] [    Test worker] [                                                 ] c.p.a.ApiGatewayApplicationTests         : Starting ApiGatewayApplicationTests using Java 17.0.10 with PID 8201 (started by kimsubong in /Users/kimsubong/Desktop/GameGameBackend/api-gateway)
2024-08-07T16:22:11.177+09:00  INFO 8201 --- [gateway-service] [    Test worker] [                                                 ] c.p.a.ApiGatewayApplicationTests         : No active profile set, falling back to 1 default profile: "default"
2024-08-07T16:22:11.634+09:00  INFO 8201 --- [gateway-service] [    Test worker] [                                                 ] o.s.cloud.context.scope.GenericScope     : BeanFactory id=3356319a-b059-3ab8-8726-9ac8ae150c43
2024-08-07T16:22:11.732+09:00  WARN 8201 --- [gateway-service] [    Test worker] [                                                 ] trationDelegate$BeanPostProcessorChecker : Bean 'org.springframework.cloud.client.loadbalancer.LoadBalancerAutoConfiguration$DeferringLoadBalancerInterceptorConfig' of type [org.springframework.cloud.client.loadbalancer.LoadBalancerAutoConfiguration$DeferringLoadBalancerInterceptorConfig] is not eligible for getting processed by all BeanPostProcessors (for example: not eligible for auto-proxying). The currently created BeanPostProcessor [lbRestClientPostProcessor] is declared through a non-static factory method on that class; consider declaring it as static instead.
2024-08-07T16:22:11.734+09:00  WARN 8201 --- [gateway-service] [    Test worker] [                                                 ] trationDelegate$BeanPostProcessorChecker : Bean 'deferringLoadBalancerInterceptor' of type [org.springframework.cloud.client.loadbalancer.DeferringLoadBalancerInterceptor] is not eligible for getting processed by all BeanPostProcessors (for example: not eligible for auto-proxying). Is this bean getting eagerly injected into a currently created BeanPostProcessor [lbRestClientPostProcessor]? Check the corresponding BeanPostProcessor declaration and its dependencies.
2024-08-07T16:22:11.736+09:00  WARN 8201 --- [gateway-service] [    Test worker] [                                                 ] trationDelegate$BeanPostProcessorChecker : Bean 'org.springframework.cloud.client.loadbalancer.reactive.LoadBalancerBeanPostProcessorAutoConfiguration' of type [org.springframework.cloud.client.loadbalancer.reactive.LoadBalancerBeanPostProcessorAutoConfiguration] is not eligible for getting processed by all BeanPostProcessors (for example: not eligible for auto-proxying). The currently created BeanPostProcessor [loadBalancerWebClientBuilderBeanPostProcessor] is declared through a non-static factory method on that class; consider declaring it as static instead.
2024-08-07T16:22:11.737+09:00  WARN 8201 --- [gateway-service] [    Test worker] [                                                 ] trationDelegate$BeanPostProcessorChecker : Bean 'org.springframework.cloud.client.loadbalancer.reactive.LoadBalancerBeanPostProcessorAutoConfiguration$ReactorDeferringLoadBalancerFilterConfig' of type [org.springframework.cloud.client.loadbalancer.reactive.LoadBalancerBeanPostProcessorAutoConfiguration$ReactorDeferringLoadBalancerFilterConfig] is not eligible for getting processed by all BeanPostProcessors (for example: not eligible for auto-proxying). Is this bean getting eagerly injected into a currently created BeanPostProcessor [loadBalancerWebClientBuilderBeanPostProcessor]? Check the corresponding BeanPostProcessor declaration and its dependencies.
2024-08-07T16:22:11.738+09:00  WARN 8201 --- [gateway-service] [    Test worker] [                                                 ] trationDelegate$BeanPostProcessorChecker : Bean 'reactorDeferringLoadBalancerExchangeFilterFunction' of type [org.springframework.cloud.client.loadbalancer.reactive.DeferringLoadBalancerExchangeFilterFunction] is not eligible for getting processed by all BeanPostProcessors (for example: not eligible for auto-proxying). Is this bean getting eagerly injected into a currently created BeanPostProcessor [loadBalancerWebClientBuilderBeanPostProcessor]? Check the corresponding BeanPostProcessor declaration and its dependencies.
2024-08-07T16:22:12.185+09:00  INFO 8201 --- [gateway-service] [    Test worker] [                                                 ] o.s.c.g.r.RouteDefinitionRouteLocator    : Loaded RoutePredicateFactory [After]
2024-08-07T16:22:12.185+09:00  INFO 8201 --- [gateway-service] [    Test worker] [                                                 ] o.s.c.g.r.RouteDefinitionRouteLocator    : Loaded RoutePredicateFactory [Before]
2024-08-07T16:22:12.185+09:00  INFO 8201 --- [gateway-service] [    Test worker] [                                                 ] o.s.c.g.r.RouteDefinitionRouteLocator    : Loaded RoutePredicateFactory [Between]
2024-08-07T16:22:12.185+09:00  INFO 8201 --- [gateway-service] [    Test worker] [                                                 ] o.s.c.g.r.RouteDefinitionRouteLocator    : Loaded RoutePredicateFactory [Cookie]
2024-08-07T16:22:12.185+09:00  INFO 8201 --- [gateway-service] [    Test worker] [                                                 ] o.s.c.g.r.RouteDefinitionRouteLocator    : Loaded RoutePredicateFactory [Header]
2024-08-07T16:22:12.185+09:00  INFO 8201 --- [gateway-service] [    Test worker] [                                                 ] o.s.c.g.r.RouteDefinitionRouteLocator    : Loaded RoutePredicateFactory [Host]
2024-08-07T16:22:12.185+09:00  INFO 8201 --- [gateway-service] [    Test worker] [                                                 ] o.s.c.g.r.RouteDefinitionRouteLocator    : Loaded RoutePredicateFactory [Method]
2024-08-07T16:22:12.185+09:00  INFO 8201 --- [gateway-service] [    Test worker] [                                                 ] o.s.c.g.r.RouteDefinitionRouteLocator    : Loaded RoutePredicateFactory [Path]
2024-08-07T16:22:12.185+09:00  INFO 8201 --- [gateway-service] [    Test worker] [                                                 ] o.s.c.g.r.RouteDefinitionRouteLocator    : Loaded RoutePredicateFactory [Query]
2024-08-07T16:22:12.185+09:00  INFO 8201 --- [gateway-service] [    Test worker] [                                                 ] o.s.c.g.r.RouteDefinitionRouteLocator    : Loaded RoutePredicateFactory [ReadBody]
2024-08-07T16:22:12.185+09:00  INFO 8201 --- [gateway-service] [    Test worker] [                                                 ] o.s.c.g.r.RouteDefinitionRouteLocator    : Loaded RoutePredicateFactory [RemoteAddr]
2024-08-07T16:22:12.185+09:00  INFO 8201 --- [gateway-service] [    Test worker] [                                                 ] o.s.c.g.r.RouteDefinitionRouteLocator    : Loaded RoutePredicateFactory [XForwardedRemoteAddr]
2024-08-07T16:22:12.185+09:00  INFO 8201 --- [gateway-service] [    Test worker] [                                                 ] o.s.c.g.r.RouteDefinitionRouteLocator    : Loaded RoutePredicateFactory [Weight]
2024-08-07T16:22:12.185+09:00  INFO 8201 --- [gateway-service] [    Test worker] [                                                 ] o.s.c.g.r.RouteDefinitionRouteLocator    : Loaded RoutePredicateFactory [CloudFoundryRouteService]
2024-08-07T16:22:12.335+09:00  INFO 8201 --- [gateway-service] [    Test worker] [                                                 ] o.s.b.a.e.web.EndpointLinksResolver      : Exposing 1 endpoint beneath base path '/actuator'
2024-08-07T16:22:12.502+09:00  INFO 8201 --- [gateway-service] [    Test worker] [                                                 ] DiscoveryClientOptionalArgsConfiguration : Eureka HTTP Client uses RestTemplate.
2024-08-07T16:22:12.519+09:00  WARN 8201 --- [gateway-service] [    Test worker] [                                                 ] iguration$LoadBalancerCaffeineWarnLogger : Spring Cloud LoadBalancer is currently working with the default cache. While this cache implementation is useful for development and tests, it's recommended to use Caffeine cache in production.You can switch to using Caffeine cache, by adding it and org.springframework.cache.caffeine.CaffeineCacheManager to the classpath.
2024-08-07T16:22:12.544+09:00  INFO 8201 --- [gateway-service] [    Test worker] [                                                 ] o.s.c.n.eureka.InstanceInfoFactory       : Setting initial instance status as: STARTING
2024-08-07T16:22:12.552+09:00  INFO 8201 --- [gateway-service] [    Test worker] [                                                 ] com.netflix.discovery.DiscoveryClient    : Initializing Eureka in region us-east-1
2024-08-07T16:22:12.554+09:00  INFO 8201 --- [gateway-service] [    Test worker] [                                                 ] c.n.d.s.r.aws.ConfigClusterResolver      : Resolving eureka endpoints via configuration
2024-08-07T16:22:12.557+09:00  INFO 8201 --- [gateway-service] [    Test worker] [                                                 ] com.netflix.discovery.DiscoveryClient    : Disable delta property : false
2024-08-07T16:22:12.557+09:00  INFO 8201 --- [gateway-service] [    Test worker] [                                                 ] com.netflix.discovery.DiscoveryClient    : Single vip registry refresh property : null
2024-08-07T16:22:12.557+09:00  INFO 8201 --- [gateway-service] [    Test worker] [                                                 ] com.netflix.discovery.DiscoveryClient    : Force full registry fetch : false
2024-08-07T16:22:12.557+09:00  INFO 8201 --- [gateway-service] [    Test worker] [                                                 ] com.netflix.discovery.DiscoveryClient    : Application is null : false
2024-08-07T16:22:12.557+09:00  INFO 8201 --- [gateway-service] [    Test worker] [                                                 ] com.netflix.discovery.DiscoveryClient    : Registered Applications size is zero : true
2024-08-07T16:22:12.557+09:00  INFO 8201 --- [gateway-service] [    Test worker] [                                                 ] com.netflix.discovery.DiscoveryClient    : Application version is -1: true
2024-08-07T16:22:12.557+09:00  INFO 8201 --- [gateway-service] [    Test worker] [                                                 ] com.netflix.discovery.DiscoveryClient    : Getting all instance registry info from the eureka server
2024-08-07T16:22:12.742+09:00  INFO 8201 --- [gateway-service] [    Test worker] [                                                 ] com.netflix.discovery.DiscoveryClient    : The response status is 200
2024-08-07T16:22:12.743+09:00  INFO 8201 --- [gateway-service] [    Test worker] [                                                 ] com.netflix.discovery.DiscoveryClient    : Starting heartbeat executor: renew interval is: 30
2024-08-07T16:22:12.744+09:00  INFO 8201 --- [gateway-service] [    Test worker] [                                                 ] c.n.discovery.InstanceInfoReplicator     : InstanceInfoReplicator onDemand update allowed rate per min is 4
2024-08-07T16:22:12.744+09:00  INFO 8201 --- [gateway-service] [    Test worker] [                                                 ] com.netflix.discovery.DiscoveryClient    : Discovery Client initialized at timestamp 1723015332744 with initial instances count: 1
2024-08-07T16:22:12.748+09:00  INFO 8201 --- [gateway-service] [    Test worker] [                                                 ] o.s.c.n.e.s.EurekaServiceRegistry        : Registering application GATEWAY-SERVICE with eureka with status UP
2024-08-07T16:22:12.748+09:00  INFO 8201 --- [gateway-service] [    Test worker] [                                                 ] com.netflix.discovery.DiscoveryClient    : Saw local status change event StatusChangeEvent [timestamp=1723015332748, current=UP, previous=STARTING]
2024-08-07T16:22:12.749+09:00  INFO 8201 --- [gateway-service] [foReplicator-%d] [                                                 ] com.netflix.discovery.DiscoveryClient    : DiscoveryClient_GATEWAY-SERVICE/172.30.1.32:gateway-service:8080: registering service...
2024-08-07T16:22:12.778+09:00  INFO 8201 --- [gateway-service] [foReplicator-%d] [                                                 ] com.netflix.discovery.DiscoveryClient    : DiscoveryClient_GATEWAY-SERVICE/172.30.1.32:gateway-service:8080 - registration status: 204
2024-08-07T16:22:12.796+09:00  INFO 8201 --- [gateway-service] [    Test worker] [                                                 ] c.p.a.ApiGatewayApplicationTests         : Started ApiGatewayApplicationTests in 1.762 seconds (process running for 2.222)
]]></system-out>
  <system-err><![CDATA[]]></system-err>
</testsuite>
