<?xml version="1.0" encoding="UTF-8"?>
<testsuite name="com.project.eureka_server.EurekaServerApplicationTests" tests="1" skipped="0" failures="0" errors="0" timestamp="2024-07-31T05:07:17" hostname="gimsubong-ui-MacBookAir.local" time="0.353">
  <properties/>
  <testcase name="contextLoads()" classname="com.project.eureka_server.EurekaServerApplicationTests" time="0.353"/>
  <system-out><![CDATA[14:07:16.475 [Test worker] INFO org.springframework.test.context.support.AnnotationConfigContextLoaderUtils -- Could not detect default configuration classes for test class [com.project.eureka_server.EurekaServerApplicationTests]: EurekaServerApplicationTests does not declare any static, non-private, non-final, nested classes annotated with @Configuration.
14:07:16.512 [Test worker] INFO org.springframework.boot.test.context.SpringBootTestContextBootstrapper -- Found @SpringBootConfiguration com.project.eureka_server.EurekaServerApplication for test class com.project.eureka_server.EurekaServerApplicationTests

  .   ____          _            __ _ _
 /\\ / ___'_ __ _ _(_)_ __  __ _ \ \ \ \
( ( )\___ | '_ | '_| | '_ \/ _` | \ \ \ \
 \\/  ___)| |_)| | | | | || (_| |  ) ) ) )
  '  |____| .__|_| |_|_| |_\__, | / / / /
 =========|_|==============|___/=/_/_/_/

 :: Spring Boot ::                (v3.3.2)

2024-07-31T14:07:16.680+09:00  INFO 63951 --- [eureka-server] [    Test worker] c.p.e.EurekaServerApplicationTests       : Starting EurekaServerApplicationTests using Java 17.0.10 with PID 63951 (started by kimsubong in /Users/kimsubong/Desktop/GameGameBackend/eureka-server)
2024-07-31T14:07:16.681+09:00  INFO 63951 --- [eureka-server] [    Test worker] c.p.e.EurekaServerApplicationTests       : No active profile set, falling back to 1 default profile: "default"
2024-07-31T14:07:17.061+09:00  INFO 63951 --- [eureka-server] [    Test worker] o.s.cloud.context.scope.GenericScope     : BeanFactory id=42820cf5-323e-34ac-833c-dede01824476
2024-07-31T14:07:17.094+09:00  WARN 63951 --- [eureka-server] [    Test worker] trationDelegate$BeanPostProcessorChecker : Bean 'org.springframework.cloud.client.loadbalancer.LoadBalancerAutoConfiguration$DeferringLoadBalancerInterceptorConfig' of type [org.springframework.cloud.client.loadbalancer.LoadBalancerAutoConfiguration$DeferringLoadBalancerInterceptorConfig] is not eligible for getting processed by all BeanPostProcessors (for example: not eligible for auto-proxying). The currently created BeanPostProcessor [lbRestClientPostProcessor] is declared through a non-static factory method on that class; consider declaring it as static instead.
2024-07-31T14:07:17.095+09:00  WARN 63951 --- [eureka-server] [    Test worker] trationDelegate$BeanPostProcessorChecker : Bean 'deferringLoadBalancerInterceptor' of type [org.springframework.cloud.client.loadbalancer.DeferringLoadBalancerInterceptor] is not eligible for getting processed by all BeanPostProcessors (for example: not eligible for auto-proxying). Is this bean getting eagerly injected into a currently created BeanPostProcessor [lbRestClientPostProcessor]? Check the corresponding BeanPostProcessor declaration and its dependencies.
2024-07-31T14:07:17.539+09:00  WARN 63951 --- [eureka-server] [    Test worker] iguration$LoadBalancerCaffeineWarnLogger : Spring Cloud LoadBalancer is currently working with the default cache. While this cache implementation is useful for development and tests, it's recommended to use Caffeine cache in production.You can switch to using Caffeine cache, by adding it and org.springframework.cache.caffeine.CaffeineCacheManager to the classpath.
2024-07-31T14:07:17.648+09:00  INFO 63951 --- [eureka-server] [    Test worker] o.s.c.n.eureka.InstanceInfoFactory       : Setting initial instance status as: STARTING
2024-07-31T14:07:17.660+09:00  INFO 63951 --- [eureka-server] [    Test worker] com.netflix.discovery.DiscoveryClient    : Initializing Eureka in region us-east-1
2024-07-31T14:07:17.660+09:00  INFO 63951 --- [eureka-server] [    Test worker] com.netflix.discovery.DiscoveryClient    : Client configured to neither register nor query for data.
2024-07-31T14:07:17.661+09:00  INFO 63951 --- [eureka-server] [    Test worker] com.netflix.discovery.DiscoveryClient    : Discovery Client initialized at timestamp 1722402437661 with initial instances count: 0
2024-07-31T14:07:17.679+09:00  INFO 63951 --- [eureka-server] [    Test worker] c.n.eureka.DefaultEurekaServerContext    : Initializing ...
2024-07-31T14:07:17.680+09:00  INFO 63951 --- [eureka-server] [    Test worker] c.n.eureka.cluster.PeerEurekaNodes       : Adding new peer nodes [http://localhost:8761/eureka/]
2024-07-31T14:07:17.772+09:00  INFO 63951 --- [eureka-server] [    Test worker] c.n.d.provider.DiscoveryJerseyProvider   : Using JSON encoding codec LegacyJacksonJson
2024-07-31T14:07:17.773+09:00  INFO 63951 --- [eureka-server] [    Test worker] c.n.d.provider.DiscoveryJerseyProvider   : Using JSON decoding codec LegacyJacksonJson
2024-07-31T14:07:17.773+09:00  INFO 63951 --- [eureka-server] [    Test worker] c.n.d.provider.DiscoveryJerseyProvider   : Using XML encoding codec XStreamXml
2024-07-31T14:07:17.773+09:00  INFO 63951 --- [eureka-server] [    Test worker] c.n.d.provider.DiscoveryJerseyProvider   : Using XML decoding codec XStreamXml
2024-07-31T14:07:17.803+09:00  INFO 63951 --- [eureka-server] [    Test worker] c.n.eureka.cluster.PeerEurekaNodes       : Replica node URL:  http://localhost:8761/eureka/
2024-07-31T14:07:17.806+09:00  INFO 63951 --- [eureka-server] [    Test worker] c.n.e.registry.AbstractInstanceRegistry  : Finished initializing remote region registries. All known remote regions: []
2024-07-31T14:07:17.806+09:00  INFO 63951 --- [eureka-server] [    Test worker] c.n.eureka.DefaultEurekaServerContext    : Initialized
2024-07-31T14:07:17.851+09:00  INFO 63951 --- [eureka-server] [    Test worker] o.s.b.a.e.web.EndpointLinksResolver      : Exposing 1 endpoint beneath base path '/actuator'
2024-07-31T14:07:17.880+09:00  INFO 63951 --- [eureka-server] [    Test worker] o.s.c.n.e.s.EurekaServiceRegistry        : Registering application EUREKA-SERVER with eureka with status UP
2024-07-31T14:07:17.885+09:00  INFO 63951 --- [eureka-server] [      Thread-12] o.s.c.n.e.server.EurekaServerBootstrap   : isAws returned false
2024-07-31T14:07:17.886+09:00  INFO 63951 --- [eureka-server] [      Thread-12] o.s.c.n.e.server.EurekaServerBootstrap   : Initialized server context
2024-07-31T14:07:17.886+09:00  INFO 63951 --- [eureka-server] [      Thread-12] c.n.e.r.PeerAwareInstanceRegistryImpl    : Got 1 instances from neighboring DS node
2024-07-31T14:07:17.886+09:00  INFO 63951 --- [eureka-server] [      Thread-12] c.n.e.r.PeerAwareInstanceRegistryImpl    : Renew threshold is: 1
2024-07-31T14:07:17.886+09:00  INFO 63951 --- [eureka-server] [      Thread-12] c.n.e.r.PeerAwareInstanceRegistryImpl    : Changing status to UP
2024-07-31T14:07:17.887+09:00  INFO 63951 --- [eureka-server] [      Thread-12] e.s.EurekaServerInitializerConfiguration : Started Eureka Server
2024-07-31T14:07:17.897+09:00  INFO 63951 --- [eureka-server] [    Test worker] c.p.e.EurekaServerApplicationTests       : Started EurekaServerApplicationTests in 1.336 seconds (process running for 1.792)
]]></system-out>
  <system-err><![CDATA[]]></system-err>
</testsuite>
