<?xml version="1.0" encoding="UTF-8"?>
<testsuite name="com.project.gamegame.GamegameApplicationTests" tests="1" skipped="0" failures="0" errors="0" timestamp="2024-08-08T05:36:04" hostname="gimsubong-ui-MacBookAir.local" time="0.414">
  <properties/>
  <testcase name="contextLoads()" classname="com.project.gamegame.GamegameApplicationTests" time="0.414"/>
  <system-out><![CDATA[14:36:04.293 [Test worker] INFO org.springframework.test.context.support.AnnotationConfigContextLoaderUtils -- Could not detect default configuration classes for test class [com.project.gamegame.GamegameApplicationTests]: GamegameApplicationTests does not declare any static, non-private, non-final, nested classes annotated with @Configuration.
14:36:04.329 [Test worker] INFO org.springframework.boot.test.context.SpringBootTestContextBootstrapper -- Found @SpringBootConfiguration com.project.gamegame.GamegameApplication for test class com.project.gamegame.GamegameApplicationTests

  .   ____          _            __ _ _
 /\\ / ___'_ __ _ _(_)_ __  __ _ \ \ \ \
( ( )\___ | '_ | '_| | '_ \/ _` | \ \ \ \
 \\/  ___)| |_)| | | | | || (_| |  ) ) ) )
  '  |____| .__|_| |_|_| |_\__, | / / / /
 =========|_|==============|___/=/_/_/_/

 :: Spring Boot ::                (v3.3.2)

2024-08-08T14:36:04.467+09:00  INFO 90591 --- [gamegame] [    Test worker] c.p.gamegame.GamegameApplicationTests    : Starting GamegameApplicationTests using Java 17.0.10 with PID 90591 (started by kimsubong in /Users/kimsubong/Desktop/GameGameBackend)
2024-08-08T14:36:04.467+09:00  INFO 90591 --- [gamegame] [    Test worker] c.p.gamegame.GamegameApplicationTests    : No active profile set, falling back to 1 default profile: "default"
2024-08-08T14:36:04.859+09:00  INFO 90591 --- [gamegame] [    Test worker] c.p.gamegame.GamegameApplicationTests    : Started GamegameApplicationTests in 0.475 seconds (process running for 1.037)
]]></system-out>
  <system-err><![CDATA[]]></system-err>
</testsuite>
