<?xml version="1.0" encoding="UTF-8"?>
<testsuite name="com.project.auth_service.AuthServiceApplicationTests" tests="1" skipped="0" failures="0" errors="0" timestamp="2024-08-02T06:22:22" hostname="gimsubong-ui-MacBookAir.local" time="0.29">
  <properties/>
  <testcase name="contextLoads()" classname="com.project.auth_service.AuthServiceApplicationTests" time="0.29"/>
  <system-out><![CDATA[15:22:19.554 [Test worker] INFO org.springframework.test.context.support.AnnotationConfigContextLoaderUtils -- Could not detect default configuration classes for test class [com.project.auth_service.AuthServiceApplicationTests]: AuthServiceApplicationTests does not declare any static, non-private, non-final, nested classes annotated with @Configuration.
15:22:19.598 [Test worker] INFO org.springframework.boot.test.context.SpringBootTestContextBootstrapper -- Found @SpringBootConfiguration com.project.auth_service.AuthServiceApplication for test class com.project.auth_service.AuthServiceApplicationTests

  .   ____          _            __ _ _
 /\\ / ___'_ __ _ _(_)_ __  __ _ \ \ \ \
( ( )\___ | '_ | '_| | '_ \/ _` | \ \ \ \
 \\/  ___)| |_)| | | | | || (_| |  ) ) ) )
  '  |____| .__|_| |_|_| |_\__, | / / / /
 =========|_|==============|___/=/_/_/_/

 :: Spring Boot ::                (v3.3.2)

2024-08-02T15:22:19.782+09:00  WARN 86840 --- [auth-service] [    Test worker] ory$DuplicateJsonObjectContextCustomizer : 

Found multiple occurrences of org.json.JSONObject on the class path:

	jar:file:/Users/kimsubong/.gradle/caches/modules-2/files-2.1/org.json/json/20220924/5aa95e7688f76c664af205c5937620f02688dfbc/json-20220924.jar!/org/json/JSONObject.class
	jar:file:/Users/kimsubong/.gradle/caches/modules-2/files-2.1/com.vaadin.external.google/android-json/0.0.20131108.vaadin1/fa26d351fe62a6a17f5cda1287c1c6110dec413f/android-json-0.0.20131108.vaadin1.jar!/org/json/JSONObject.class

You may wish to exclude one of them to ensure predictable runtime behavior

2024-08-02T15:22:19.791+09:00  INFO 86840 --- [auth-service] [    Test worker] c.p.a.AuthServiceApplicationTests        : Starting AuthServiceApplicationTests using Java 17.0.10 with PID 86840 (started by kimsubong in /Users/kimsubong/Desktop/GameGameBackend/auth-service)
2024-08-02T15:22:19.791+09:00  INFO 86840 --- [auth-service] [    Test worker] c.p.a.AuthServiceApplicationTests        : No active profile set, falling back to 1 default profile: "default"
2024-08-02T15:22:20.117+09:00  INFO 86840 --- [auth-service] [    Test worker] .s.d.r.c.RepositoryConfigurationDelegate : Bootstrapping Spring Data JPA repositories in DEFAULT mode.
2024-08-02T15:22:20.180+09:00  INFO 86840 --- [auth-service] [    Test worker] .s.d.r.c.RepositoryConfigurationDelegate : Finished Spring Data repository scanning in 61 ms. Found 1 JPA repository interface.
2024-08-02T15:22:20.286+09:00  INFO 86840 --- [auth-service] [    Test worker] o.s.cloud.context.scope.GenericScope     : BeanFactory id=5d020a4c-9857-3587-a44f-10a1d2fde7ba
2024-08-02T15:22:20.395+09:00  WARN 86840 --- [auth-service] [    Test worker] trationDelegate$BeanPostProcessorChecker : Bean 'org.springframework.cloud.client.loadbalancer.LoadBalancerAutoConfiguration$DeferringLoadBalancerInterceptorConfig' of type [org.springframework.cloud.client.loadbalancer.LoadBalancerAutoConfiguration$DeferringLoadBalancerInterceptorConfig] is not eligible for getting processed by all BeanPostProcessors (for example: not eligible for auto-proxying). The currently created BeanPostProcessor [lbRestClientPostProcessor] is declared through a non-static factory method on that class; consider declaring it as static instead.
2024-08-02T15:22:20.396+09:00  WARN 86840 --- [auth-service] [    Test worker] trationDelegate$BeanPostProcessorChecker : Bean 'deferringLoadBalancerInterceptor' of type [org.springframework.cloud.client.loadbalancer.DeferringLoadBalancerInterceptor] is not eligible for getting processed by all BeanPostProcessors (for example: not eligible for auto-proxying). Is this bean getting eagerly injected into a currently created BeanPostProcessor [lbRestClientPostProcessor]? Check the corresponding BeanPostProcessor declaration and its dependencies.
2024-08-02T15:22:20.466+09:00  INFO 86840 --- [auth-service] [    Test worker] o.hibernate.jpa.internal.util.LogHelper  : HHH000204: Processing PersistenceUnitInfo [name: default]
2024-08-02T15:22:20.488+09:00  INFO 86840 --- [auth-service] [    Test worker] org.hibernate.Version                    : HHH000412: Hibernate ORM core version 6.5.2.Final
2024-08-02T15:22:20.501+09:00  INFO 86840 --- [auth-service] [    Test worker] o.h.c.internal.RegionFactoryInitiator    : HHH000026: Second-level cache disabled
2024-08-02T15:22:20.536+09:00  INFO 86840 --- [auth-service] [    Test worker] o.h.e.boot.internal.EnversServiceImpl    : Envers integration enabled? : true
2024-08-02T15:22:20.622+09:00  INFO 86840 --- [auth-service] [    Test worker] o.s.o.j.p.SpringPersistenceUnitInfo      : No LoadTimeWeaver setup: ignoring JPA class transformer
2024-08-02T15:22:20.634+09:00  INFO 86840 --- [auth-service] [    Test worker] com.zaxxer.hikari.HikariDataSource       : HikariPool-1 - Starting...
2024-08-02T15:22:20.971+09:00  INFO 86840 --- [auth-service] [    Test worker] com.zaxxer.hikari.pool.HikariPool        : HikariPool-1 - Added connection com.mysql.cj.jdbc.ConnectionImpl@63636de0
2024-08-02T15:22:20.972+09:00  INFO 86840 --- [auth-service] [    Test worker] com.zaxxer.hikari.HikariDataSource       : HikariPool-1 - Start completed.
2024-08-02T15:22:20.997+09:00  WARN 86840 --- [auth-service] [    Test worker] org.hibernate.orm.deprecation            : HHH90000025: MySQL8Dialect does not need to be specified explicitly using 'hibernate.dialect' (remove the property setting and it will be selected by default)
2024-08-02T15:22:20.998+09:00  WARN 86840 --- [auth-service] [    Test worker] org.hibernate.orm.deprecation            : HHH90000026: MySQL8Dialect has been deprecated; use org.hibernate.dialect.MySQLDialect instead
2024-08-02T15:22:21.361+09:00  INFO 86840 --- [auth-service] [    Test worker] o.h.e.t.j.p.i.JtaPlatformInitiator       : HHH000489: No JTA platform available (set 'hibernate.transaction.jta.platform' to enable JTA platform integration)
2024-08-02T15:22:21.395+09:00  INFO 86840 --- [auth-service] [    Test worker] j.LocalContainerEntityManagerFactoryBean : Initialized JPA EntityManagerFactory for persistence unit 'default'
2024-08-02T15:22:21.553+09:00  INFO 86840 --- [auth-service] [    Test worker] r$InitializeUserDetailsManagerConfigurer : Global AuthenticationManager configured with UserDetailsService bean with name customUserDetailsService
2024-08-02T15:22:21.569+09:00  WARN 86840 --- [auth-service] [    Test worker] JpaBaseConfiguration$JpaWebConfiguration : spring.jpa.open-in-view is enabled by default. Therefore, database queries may be performed during view rendering. Explicitly configure spring.jpa.open-in-view to disable this warning
2024-08-02T15:22:21.841+09:00  INFO 86840 --- [auth-service] [    Test worker] DiscoveryClientOptionalArgsConfiguration : Eureka HTTP Client uses RestTemplate.
2024-08-02T15:22:21.856+09:00  WARN 86840 --- [auth-service] [    Test worker] iguration$LoadBalancerCaffeineWarnLogger : Spring Cloud LoadBalancer is currently working with the default cache. While this cache implementation is useful for development and tests, it's recommended to use Caffeine cache in production.You can switch to using Caffeine cache, by adding it and org.springframework.cache.caffeine.CaffeineCacheManager to the classpath.
2024-08-02T15:22:21.865+09:00  INFO 86840 --- [auth-service] [    Test worker] o.s.c.n.eureka.InstanceInfoFactory       : Setting initial instance status as: STARTING
2024-08-02T15:22:21.877+09:00  INFO 86840 --- [auth-service] [    Test worker] com.netflix.discovery.DiscoveryClient    : Initializing Eureka in region us-east-1
2024-08-02T15:22:21.879+09:00  INFO 86840 --- [auth-service] [    Test worker] c.n.d.s.r.aws.ConfigClusterResolver      : Resolving eureka endpoints via configuration
2024-08-02T15:22:21.883+09:00  INFO 86840 --- [auth-service] [    Test worker] com.netflix.discovery.DiscoveryClient    : Disable delta property : true
2024-08-02T15:22:21.883+09:00  INFO 86840 --- [auth-service] [    Test worker] com.netflix.discovery.DiscoveryClient    : Single vip registry refresh property : null
2024-08-02T15:22:21.883+09:00  INFO 86840 --- [auth-service] [    Test worker] com.netflix.discovery.DiscoveryClient    : Force full registry fetch : false
2024-08-02T15:22:21.883+09:00  INFO 86840 --- [auth-service] [    Test worker] com.netflix.discovery.DiscoveryClient    : Application is null : false
2024-08-02T15:22:21.883+09:00  INFO 86840 --- [auth-service] [    Test worker] com.netflix.discovery.DiscoveryClient    : Registered Applications size is zero : true
2024-08-02T15:22:21.883+09:00  INFO 86840 --- [auth-service] [    Test worker] com.netflix.discovery.DiscoveryClient    : Application version is -1: true
2024-08-02T15:22:21.883+09:00  INFO 86840 --- [auth-service] [    Test worker] com.netflix.discovery.DiscoveryClient    : Getting all instance registry info from the eureka server
2024-08-02T15:22:22.073+09:00  INFO 86840 --- [auth-service] [    Test worker] com.netflix.discovery.DiscoveryClient    : The response status is 200
2024-08-02T15:22:22.074+09:00  INFO 86840 --- [auth-service] [    Test worker] com.netflix.discovery.DiscoveryClient    : Starting heartbeat executor: renew interval is: 30
2024-08-02T15:22:22.075+09:00  INFO 86840 --- [auth-service] [    Test worker] c.n.discovery.InstanceInfoReplicator     : InstanceInfoReplicator onDemand update allowed rate per min is 4
2024-08-02T15:22:22.075+09:00  INFO 86840 --- [auth-service] [    Test worker] com.netflix.discovery.DiscoveryClient    : Discovery Client initialized at timestamp 1722579742075 with initial instances count: 2
2024-08-02T15:22:22.077+09:00  INFO 86840 --- [auth-service] [    Test worker] o.s.c.n.e.s.EurekaServiceRegistry        : Registering application AUTH-SERVICE with eureka with status UP
2024-08-02T15:22:22.077+09:00  INFO 86840 --- [auth-service] [    Test worker] com.netflix.discovery.DiscoveryClient    : Saw local status change event StatusChangeEvent [timestamp=1722579742077, current=UP, previous=STARTING]
2024-08-02T15:22:22.078+09:00  INFO 86840 --- [auth-service] [foReplicator-%d] com.netflix.discovery.DiscoveryClient    : DiscoveryClient_AUTH-SERVICE/192.168.45.143:auth-service:8083: registering service...
2024-08-02T15:22:22.098+09:00  INFO 86840 --- [auth-service] [    Test worker] c.p.a.AuthServiceApplicationTests        : Started AuthServiceApplicationTests in 2.438 seconds (process running for 2.936)
2024-08-02T15:22:22.165+09:00  INFO 86840 --- [auth-service] [foReplicator-%d] com.netflix.discovery.DiscoveryClient    : DiscoveryClient_AUTH-SERVICE/192.168.45.143:auth-service:8083 - registration status: 204
]]></system-out>
  <system-err><![CDATA[]]></system-err>
</testsuite>
